<?xml version="1.0" encoding="UTF-8"?>
<testng-results ignored="0" total="1" passed="1" failed="0" skipped="0">
  <reporter-output>
  </reporter-output>
  <suite started-at="2023-11-08T16:06:50 IST" name="Default suite" finished-at="2023-11-08T16:06:58 IST" duration-ms="8364">
    <groups>
    </groups>
    <test started-at="2023-11-08T16:06:50 IST" name="Default test" finished-at="2023-11-08T16:06:58 IST" duration-ms="8364">
      <class name="com.lambda.TS02Test">
        <test-method signature="TS02()[pri:0, instance:com.lambda.TS02Test@689604d9]" started-at="2023-11-08T16:06:50 IST" name="TS02" finished-at="2023-11-08T16:06:58 IST" duration-ms="8315" status="PASS">
          <reporter-output>
          </reporter-output>
        </test-method> <!-- TS02 -->
      </class> <!-- com.lambda.TS02Test -->
    </test> <!-- Default test -->
  </suite> <!-- Default suite -->
</testng-results>
